2025-02-11T15:52:14.775Z [INFO]: Signup attempt for email: xndsdg@gmail.com
2025-02-11T15:52:14.776Z [INFO]: Signup attempt for email: xndsdg@gmail.com
2025-02-11T15:52:14.779Z [WARN]: Signup failed: User with email xndsdg@gmail.com already exists.
2025-02-11T15:52:51.583Z [INFO]: Signup attempt for email: xndsdg@gmail.com
2025-02-11T15:52:51.583Z [INFO]: Signup attempt for email: xndsdg@gmail.com
2025-02-11T15:52:51.587Z [WARN]: Signup failed: User with email xndsdg@gmail.com already exists.
2025-02-11T15:52:54.503Z [INFO]: Signup attempt for email: xndsdg@gmail.com
2025-02-11T15:52:54.504Z [INFO]: Signup attempt for email: xndsdg@gmail.com
2025-02-11T15:52:54.507Z [WARN]: Signup failed: User with email xndsdg@gmail.com already exists.
2025-02-11T15:53:02.955Z [INFO]: Signup attempt for email: xndsg@gmail.com
2025-02-11T15:53:02.955Z [INFO]: Signup attempt for email: xndsg@gmail.com
2025-02-11T15:53:53.039Z [INFO]: Server 3001 portda ishga tushdi
2025-02-11T15:53:56.395Z [INFO]: Server 3001 portda ishga tushdi
2025-02-11T15:54:01.225Z [INFO]: Server 3001 portda ishga tushdi
2025-02-11T15:54:08.537Z [INFO]: Server 3001 portda ishga tushdi
2025-02-11T15:54:13.453Z [INFO]: Server 3001 portda ishga tushdi
2025-02-11T15:54:21.930Z [INFO]: Server 3001 portda ishga tushdi
2025-02-11T15:54:26.944Z [INFO]: Server 3001 portda ishga tushdi
2025-02-11T15:54:28.313Z [INFO]: Server 3001 portda ishga tushdi
2025-02-11T15:54:43.046Z [INFO]: Server 3001 portda ishga tushdi
2025-02-11T15:54:58.788Z [INFO]: Server 3001 portda ishga tushdi
2025-02-11T15:55:02.659Z [INFO]: Server 3001 portda ishga tushdi
2025-02-11T15:55:05.950Z [INFO]: Server 3001 portda ishga tushdi
2025-02-11T15:55:37.016Z [INFO]: Server 3001 portda ishga tushdi
2025-02-11T15:55:37.517Z [INFO]: Server 3001 portda ishga tushdi
2025-02-11T15:55:57.934Z [INFO]: Server 3001 portda ishga tushdi
2025-02-11T15:56:03.906Z [INFO]: Server 3001 portda ishga tushdi
2025-02-11T15:56:17.682Z [INFO]: Signup attempt for email: xndsg@gmail.com
2025-02-11T15:59:50.365Z [INFO]: Server 3001 portda ishga tushdi
2025-02-11T16:01:35.234Z [INFO]: Server 3001 portda ishga tushdi
2025-02-11T16:04:07.141Z [INFO]: Server 3001 portda ishga tushdi
2025-02-11T16:04:16.605Z [INFO]: Yangi xodim qo‘shildi: opssddsjjdfkk@gmail.com
2025-02-11T16:39:07.442Z [INFO]: Server 3001 portda ishga tushdi
2025-02-11T16:39:11.627Z [INFO]: Signin attempt for email: xndsg@gmail.com
2025-02-11T16:39:11.639Z [WARN]: Signin failed: No user found with email xndsg@gmail.com.
2025-02-11T16:39:35.075Z [INFO]: Signup attempt for email: xndsg@gmail.com
2025-02-11T16:39:35.200Z [INFO]: User xndsg@gmail.com signed up successfully.
2025-02-11T16:39:38.989Z [INFO]: Signin attempt for email: xndsg@gmail.com
2025-02-11T16:39:39.100Z [INFO]: User xndsg@gmail.com signed in successfully.
2025-02-11T17:20:10.272Z [INFO]: Server 3001 portda ishga tushdi
2025-02-11T17:20:16.532Z [INFO]: Server 3001 portda ishga tushdi
2025-02-11T17:21:06.327Z [INFO]: Server 3001 portda ishga tushdi
2025-02-11T17:21:09.071Z [INFO]: Server 3001 portda ishga tushdi
2025-02-11T17:21:12.065Z [INFO]: Server 3001 portda ishga tushdi
2025-02-11T17:21:13.937Z [INFO]: Server 3001 portda ishga tushdi
2025-02-11T17:21:21.213Z [INFO]: Server 3001 portda ishga tushdi
2025-02-11T17:21:23.357Z [INFO]: Server 3001 portda ishga tushdi
2025-02-11T17:22:06.963Z [INFO]: Signin attempt for email: xndsg@gmail.com
2025-02-11T17:23:01.315Z [INFO]: Server 3001 portda ishga tushdi
2025-02-11T17:23:03.245Z [INFO]: Server 3001 portda ishga tushdi
2025-02-11T17:23:04.874Z [INFO]: Server 3001 portda ishga tushdi
2025-02-11T17:23:08.499Z [INFO]: Signin attempt for email: xndsg@gmail.com
2025-02-11T17:23:08.606Z [INFO]: User xndsg@gmail.com signed in successfully.
2025-02-11T17:23:55.534Z [INFO]: Server 3001 portda ishga tushdi
2025-02-11T17:23:56.835Z [INFO]: Server 3001 portda ishga tushdi
2025-02-11T17:23:58.933Z [INFO]: Server 3001 portda ishga tushdi
2025-02-11T17:24:04.347Z [INFO]: Signin attempt for email: xndsg@gmail.com
2025-02-11T17:24:04.457Z [INFO]: User xndsg@gmail.com signed in successfully.
2025-02-11T17:25:23.476Z [INFO]: Server 3001 portda ishga tushdi
2025-02-11T17:29:27.143Z [INFO]: Server 3001 portda ishga tushdi
2025-02-11T17:29:43.748Z [INFO]: Server 3001 portda ishga tushdi
2025-02-11T17:30:21.607Z [INFO]: Server 3001 portda ishga tushdi
2025-02-11T17:30:23.639Z [INFO]: Server 3001 portda ishga tushdi
2025-02-11T17:30:25.885Z [INFO]: Server 3001 portda ishga tushdi
2025-02-11T17:30:34.383Z [INFO]: Server 3001 portda ishga tushdi
2025-02-11T17:30:46.823Z [INFO]: Server 3001 portda ishga tushdi
2025-02-11T17:33:23.680Z [INFO]: Signin attempt for email: xndsg@gmail.com
2025-02-11T17:33:23.780Z [INFO]: User xndsg@gmail.com signed in successfully.
2025-02-11T17:35:23.714Z [INFO]: Signin attempt for email: xndsg@gmail.com
2025-02-11T17:35:23.822Z [INFO]: User xndsg@gmail.com signed in successfully.
2025-02-11T17:35:25.338Z [INFO]: Signin attempt for email: xndsg@gmail.com
2025-02-11T17:35:25.442Z [INFO]: User xndsg@gmail.com signed in successfully.
2025-02-11T17:42:34.678Z [INFO]: Server 3001 portda ishga tushdi
2025-02-11T17:45:20.256Z [INFO]: Server 3001 portda ishga tushdi
2025-02-11T17:45:22.785Z [INFO]: Server 3001 portda ishga tushdi
2025-02-11T17:45:43.233Z [INFO]: Server 3001 portda ishga tushdi
2025-02-11T17:46:50.907Z [INFO]: Yangi xodim qo‘shildi: opssddsjkkkjdfkk@gmail.com
2025-02-11T17:48:59.327Z [INFO]: Server 3001 portda ishga tushdi
2025-02-11T17:49:10.529Z [INFO]: Server 3001 portda ishga tushdi
2025-02-12T04:41:32.296Z [INFO]: Server 3001 portda ishga tushdi
2025-02-12T04:45:21.589Z [INFO]: Signin attempt for email: xndsg@gmail.com
2025-02-12T04:45:21.733Z [INFO]: User xndsg@gmail.com signed in successfully.
2025-02-12T04:49:24.391Z [INFO]: Server 3001 portda ishga tushdi
2025-02-12T04:49:33.156Z [INFO]: Signin attempt for email: xndsg@gmail.com
2025-02-12T04:49:33.258Z [INFO]: User xndsg@gmail.com signed in successfully.
2025-02-12T05:00:16.263Z [WARN]: Refresh token failed: No token provided.
2025-02-12T05:01:09.900Z [INFO]: Server 3001 portda ishga tushdi
2025-02-12T05:01:11.471Z [INFO]: Server 3001 portda ishga tushdi
2025-02-12T05:01:17.873Z [INFO]: Server 3001 portda ishga tushdi
2025-02-12T05:01:29.495Z [INFO]: Server 3001 portda ishga tushdi
2025-02-12T05:03:11.393Z [WARN]: Refresh token failed: No token provided.
2025-02-12T05:04:20.435Z [WARN]: Refresh token failed: No token provided.
2025-02-12T05:13:21.940Z [WARN]: Refresh token failed: No token provided.
2025-02-12T05:14:35.561Z [WARN]: Refresh token failed: No token provided.
2025-02-12T05:17:55.248Z [WARN]: Refresh token failed: No token provided.
2025-02-12T05:24:16.535Z [INFO]: Signin attempt for email: xndsg@gmail.com
2025-02-12T05:24:16.671Z [INFO]: User xndsg@gmail.com signed in successfully.
2025-02-12T05:26:36.256Z [WARN]: Refresh token failed: No token provided.
2025-02-12T05:27:19.673Z [INFO]: Server 3001 portda ishga tushdi
2025-02-12T05:27:20.661Z [INFO]: Server 3001 portda ishga tushdi
2025-02-12T05:27:24.445Z [INFO]: Server 3001 portda ishga tushdi
2025-02-12T05:27:33.344Z [INFO]: Server 3001 portda ishga tushdi
2025-02-12T05:28:03.367Z [WARN]: Refresh token failed: No token provided.
2025-02-12T05:35:36.850Z [WARN]: Refresh token failed: No token provided.
2025-02-12T05:36:47.008Z [INFO]: Signup attempt for email: xndsg@gmail.com
2025-02-12T05:36:47.026Z [WARN]: Signup failed: User with email xndsg@gmail.com already exists.
2025-02-12T05:38:31.080Z [INFO]: Signin attempt for email: xndsg@gmail.com
2025-02-12T05:38:31.197Z [INFO]: User xndsg@gmail.com signed in successfully.
2025-02-12T05:38:51.537Z [INFO]: Yangi xodim qo‘shildi: opssssddsjkkkjdfkk@gmail.com
2025-02-12T05:43:28.580Z [INFO]: Server 3001 portda ishga tushdi
2025-02-12T05:44:59.469Z [INFO]: Server 3001 portda ishga tushdi
2025-02-12T05:45:41.060Z [INFO]: Server 3001 portda ishga tushdi
2025-02-12T05:46:34.335Z [INFO]: Server 3001 portda ishga tushdi
2025-02-12T05:47:03.864Z [INFO]: Server 3001 portda ishga tushdi
2025-02-12T05:47:17.276Z [INFO]: Server 3001 portda ishga tushdi
2025-02-12T05:47:42.900Z [INFO]: Server 3001 portda ishga tushdi
2025-02-12T05:47:49.833Z [WARN]: Refresh token failed: No token provided.
2025-02-12T05:49:32.574Z [INFO]: Server 3001 portda ishga tushdi
2025-02-12T05:49:50.227Z [INFO]: Server 3001 portda ishga tushdi
2025-02-12T05:52:01.918Z [INFO]: Server 3001 portda ishga tushdi
2025-02-12T05:52:15.508Z [WARN]: Refresh token failed: No token provided.
2025-02-12T05:52:16.954Z [WARN]: Refresh token failed: No token provided.
2025-02-12T05:52:23.128Z [INFO]: Signin attempt for email: xndsg@gmail.com
2025-02-12T05:52:23.248Z [INFO]: User xndsg@gmail.com signed in successfully.
2025-02-12T05:52:39.389Z [WARN]: Refresh token failed: No token provided.
2025-02-12T05:52:50.063Z [WARN]: Refresh token failed: No token provided.
2025-02-12T05:52:51.042Z [WARN]: Refresh token failed: No token provided.
2025-02-12T05:53:08.352Z [INFO]: Server 3001 portda ishga tushdi
2025-02-12T05:53:34.451Z [INFO]: Server 3001 portda ishga tushdi
2025-02-12T05:53:46.556Z [INFO]: Server 3001 portda ishga tushdi
2025-02-12T05:54:03.594Z [INFO]: Signin attempt for email: xndsg@gmail.com
2025-02-12T05:54:03.707Z [INFO]: User xndsg@gmail.com signed in successfully.
2025-02-12T05:59:56.638Z [INFO]: Server 3001 portda ishga tushdi
2025-02-12T06:00:20.259Z [INFO]: Server 3001 portda ishga tushdi
2025-02-12T06:00:31.295Z [INFO]: Server 3001 portda ishga tushdi
2025-02-12T06:00:38.980Z [INFO]: Server 3001 portda ishga tushdi
2025-02-12T06:00:47.514Z [INFO]: Server 3001 portda ishga tushdi
2025-02-12T06:01:17.916Z [INFO]: Server 3001 portda ishga tushdi
2025-02-12T06:01:36.444Z [INFO]: Server 3001 portda ishga tushdi
2025-02-12T06:07:10.018Z [INFO]: Server 3001 portda ishga tushdi
2025-02-12T06:07:11.075Z [INFO]: Server 3001 portda ishga tushdi
2025-02-12T06:07:13.643Z [INFO]: Server 3001 portda ishga tushdi
2025-02-12T06:07:15.433Z [INFO]: Server 3001 portda ishga tushdi
2025-02-12T06:07:17.150Z [INFO]: Server 3001 portda ishga tushdi
2025-02-12T06:08:09.992Z [INFO]: Server 3001 portda ishga tushdi
2025-02-12T06:08:10.582Z [INFO]: Server 3001 portda ishga tushdi
2025-02-12T06:08:12.152Z [INFO]: Server 3001 portda ishga tushdi
2025-02-12T06:08:14.808Z [INFO]: Server 3001 portda ishga tushdi
2025-02-12T06:12:32.461Z [INFO]: Server 3001 portda ishga tushdi
2025-02-12T06:12:53.115Z [INFO]: Server 3001 portda ishga tushdi
2025-02-12T06:19:35.009Z [INFO]: Server 3001 portda ishga tushdi
2025-02-12T06:19:39.539Z [INFO]: Server 3001 portda ishga tushdi
2025-02-12T06:19:41.627Z [INFO]: Server 3001 portda ishga tushdi
2025-02-12T06:19:48.613Z [INFO]: Server 3001 portda ishga tushdi
2025-02-12T06:19:51.801Z [INFO]: User xndsg@gmail.com signed in successfully.
2025-02-12T06:20:10.925Z [WARN]: Refresh token is missing
2025-02-12T06:22:24.514Z [INFO]: Refresh token for user xndsg@gmail.com has been successfully refreshed.
2025-02-12T06:23:36.353Z [INFO]: Server 3001 portda ishga tushdi
2025-02-12T06:23:42.237Z [INFO]: User xndsg@gmail.com signed in successfully.
2025-02-12T06:25:27.043Z [INFO]: Server 3001 portda ishga tushdi
2025-02-12T06:25:33.292Z [INFO]: User xndsg@gmail.com signed in successfully.
2025-02-12T06:27:56.386Z [INFO]: Server 3001 portda ishga tushdi
2025-02-12T06:28:03.876Z [INFO]: User xndsg@gmail.com signed in successfully.
2025-02-12T06:31:00.906Z [INFO]: Server 3001 portda ishga tushdi
2025-02-12T06:31:06.480Z [INFO]: User xndsg@gmail.com signed in successfully.
2025-02-12T06:31:44.595Z [INFO]: Server 3001 portda ishga tushdi
2025-02-12T06:31:56.377Z [INFO]: Server 3001 portda ishga tushdi
2025-02-12T06:32:01.498Z [INFO]: Server 3001 portda ishga tushdi
2025-02-12T06:32:05.311Z [INFO]: Server 3001 portda ishga tushdi
2025-02-12T06:32:28.021Z [INFO]: Server 3001 portda ishga tushdi
2025-02-12T06:32:31.116Z [INFO]: Server 3001 portda ishga tushdi
2025-02-12T06:32:33.110Z [INFO]: Server 3001 portda ishga tushdi
2025-02-12T06:32:35.131Z [INFO]: Server 3001 portda ishga tushdi
2025-02-12T06:32:38.002Z [INFO]: Server 3001 portda ishga tushdi
2025-02-12T06:32:44.831Z [INFO]: Server 3001 portda ishga tushdi
2025-02-12T06:32:47.549Z [INFO]: Server 3001 portda ishga tushdi
2025-02-12T06:32:49.515Z [INFO]: Server 3001 portda ishga tushdi
2025-02-12T06:32:51.167Z [INFO]: Server 3001 portda ishga tushdi
2025-02-12T06:32:57.362Z [INFO]: Server 3001 portda ishga tushdi
2025-02-12T06:36:56.741Z [INFO]: Server 3001 portda ishga tushdi
2025-02-12T06:41:41.472Z [INFO]: Server 3001 portda ishga tushdi
2025-02-12T06:43:43.804Z [INFO]: Server 3001 portda ishga tushdi
2025-02-12T06:43:44.650Z [INFO]: Server 3001 portda ishga tushdi
2025-02-12T06:43:52.194Z [INFO]: Server 3001 portda ishga tushdi
2025-02-12T06:43:54.188Z [INFO]: Server 3001 portda ishga tushdi
2025-02-12T06:43:58.609Z [INFO]: Server 3001 portda ishga tushdi
2025-02-12T06:44:00.352Z [INFO]: Server 3001 portda ishga tushdi
2025-02-12T06:44:03.877Z [INFO]: Server 3001 portda ishga tushdi
2025-02-12T06:44:05.674Z [INFO]: Server 3001 portda ishga tushdi
2025-02-12T06:44:42.059Z [INFO]: Server 3001 portda ishga tushdi
2025-02-12T06:44:47.630Z [INFO]: Server 3001 portda ishga tushdi
2025-02-12T06:44:50.987Z [INFO]: Server 3001 portda ishga tushdi
2025-02-12T06:44:52.051Z [INFO]: Server 3001 portda ishga tushdi
2025-02-12T06:49:00.924Z [INFO]: Server 3001 portda ishga tushdi
2025-02-12T06:49:19.713Z [INFO]: Server 3001 portda ishga tushdi
2025-02-12T06:50:33.841Z [INFO]: Server 3001 portda ishga tushdi
2025-02-12T06:50:35.206Z [INFO]: Server 3001 portda ishga tushdi
2025-02-12T06:50:41.026Z [INFO]: Server 3001 portda ishga tushdi
2025-02-12T06:50:56.984Z [INFO]: Server 3001 portda ishga tushdi
2025-02-12T06:56:30.830Z [INFO]: Server 3001 portda ishga tushdi
2025-02-12T06:59:07.928Z [WARN]: Signup failed: User with email xndsg@gmail.com already exists.
2025-02-12T07:01:04.800Z [WARN]: Signup failed: User with email xnddjhfsg@gmail.com already exists.
2025-02-12T07:02:01.540Z [INFO]: Server 3001 portda ishga tushdi
2025-02-12T07:02:03.848Z [INFO]: Server 3001 portda ishga tushdi
2025-02-12T07:02:07.323Z [WARN]: Signup failed: User with email xnddddjhfsg@gmail.com already exists.
2025-02-12T07:02:31.345Z [INFO]: User xdnddddjhfsg@gmail.com signed up successfully.
2025-02-12T07:02:53.682Z [INFO]: User xndsg@gmail.com signed in successfully.
2025-02-12T07:03:22.140Z [INFO]: Yangi xodim qo‘shildi: oawpssssddsjkkkjdfkk@gmail.com
2025-02-12T07:04:24.956Z [INFO]: Refresh token for user xndsg@gmail.com has been successfully refreshed.
2025-02-12T07:04:44.260Z [INFO]: Yangi xodim qo‘shildi: o1awpssssddsjkkkjdfkk@gmail.com
2025-02-12T07:04:51.601Z [INFO]: Yangi xodim qo‘shildi: o111awpssssddsjkkkjdfkk@gmail.com
2025-02-12T07:05:28.879Z [INFO]: Yangi xodim qo‘shildi: o11fjkd1awpssssddsjkkkjdfkk@gmail.com
2025-02-12T07:06:54.788Z [INFO]: Server 3001 portda ishga tushdi
2025-02-12T07:06:59.711Z [INFO]: Server 3001 portda ishga tushdi
2025-02-12T07:07:03.166Z [INFO]: Server 3001 portda ishga tushdi
2025-02-12T07:07:06.456Z [INFO]: Server 3001 portda ishga tushdi
2025-02-12T07:07:30.838Z [INFO]: Server 3001 portda ishga tushdi
2025-02-12T07:07:33.397Z [INFO]: Server 3001 portda ishga tushdi
2025-02-12T07:07:37.935Z [INFO]: Server 3001 portda ishga tushdi
2025-02-12T07:07:42.830Z [INFO]: Server 3001 portda ishga tushdi
2025-02-12T07:26:28.024Z [INFO]: Server 3001 portda ishga tushdi
2025-02-12T07:26:50.685Z [INFO]: Server 3001 portda ishga tushdi
2025-02-12T07:50:53.902Z [INFO]: Server 3001 portda ishga tushdi
2025-02-12T19:02:16.358Z [INFO]: Server 3001 portda ishga tushdi
2025-02-12T19:02:17.417Z [INFO]: Server 3001 portda ishga tushdi
2025-02-12T19:08:05.218Z [INFO]: Server 3001 portda ishga tushdi
2025-02-12T19:12:25.937Z [INFO]: Server 3001 portda ishga tushdi
2025-02-12T19:17:06.348Z [INFO]: Server 3001 portda ishga tushdi
2025-02-12T19:17:28.565Z [INFO]: Server 3001 portda ishga tushdi
2025-02-12T19:21:19.643Z [INFO]: Server 3001 portda ishga tushdi
2025-02-12T19:21:50.902Z [INFO]: Server 3001 portda ishga tushdi
2025-02-12T19:29:45.627Z [INFO]: Server 3001 portda ishga tushdi
2025-02-12T19:30:27.863Z [INFO]: Server 3001 portda ishga tushdi
2025-02-12T19:30:33.584Z [INFO]: Server 3001 portda ishga tushdi
2025-02-12T19:31:09.553Z [INFO]: Server 3001 portda ishga tushdi
2025-02-12T19:31:13.518Z [INFO]: Server 3001 portda ishga tushdi
2025-02-12T19:31:17.804Z [INFO]: Server 3001 portda ishga tushdi
2025-02-12T19:31:19.438Z [INFO]: Server 3001 portda ishga tushdi
2025-02-12T19:31:22.204Z [INFO]: Server 3001 portda ishga tushdi
2025-02-12T19:37:02.814Z [INFO]: Server 3001 portda ishga tushdi
2025-02-12T19:37:16.358Z [INFO]: Server 3001 portda ishga tushdi
2025-02-12T19:39:12.706Z [INFO]: Server 3001 portda ishga tushdi
2025-02-12T19:39:20.938Z [INFO]: Server 3001 portda ishga tushdi
2025-02-13T16:15:25.162Z [INFO]: Server 3001 portda ishga tushdi
2025-02-13T16:26:54.376Z [INFO]: Server 3001 portda ishga tushdi
2025-02-13T16:26:57.008Z [INFO]: Server 3001 portda ishga tushdi
2025-02-13T16:29:54.798Z [INFO]: Server 3001 portda ishga tushdi
2025-02-13T16:37:09.467Z [INFO]: Server 3001 portda ishga tushdi
2025-02-13T16:38:53.670Z [INFO]: Server 3001 portda ishga tushdi
2025-02-13T16:38:57.517Z [INFO]: Server 3001 portda ishga tushdi
2025-02-13T16:39:32.860Z [INFO]: Server 3001 portda ishga tushdi
2025-02-13T16:39:44.252Z [INFO]: User xndsg@gmail.com signed in successfully.
2025-02-13T16:42:16.870Z [INFO]: Server 3001 portda ishga tushdi
2025-02-13T16:46:17.142Z [INFO]: Server 3001 portda ishga tushdi
2025-02-13T16:46:36.782Z [INFO]: Server 3001 portda ishga tushdi
2025-02-13T16:46:53.794Z [INFO]: User xndsg@gmail.com signed in successfully.
2025-02-13T16:52:07.364Z [INFO]: Server 3001 portda ishga tushdi
2025-02-13T16:57:38.927Z [INFO]: Server 3001 portda ishga tushdi
2025-02-13T16:57:42.501Z [INFO]: User xndsg@gmail.com signed in successfully.
2025-02-13T17:01:02.088Z [INFO]: Server 3001 portda ishga tushdi
2025-02-13T17:01:08.313Z [INFO]: Server 3001 portda ishga tushdi
2025-02-13T17:01:24.347Z [INFO]: User xndsg@gmail.com signed in successfully.
2025-02-13T17:02:26.592Z [INFO]: User xndsg@gmail.com signed in successfully.
2025-02-13T17:02:28.480Z [INFO]: User xndsg@gmail.com signed in successfully.
2025-02-13T17:02:41.821Z [WARN]: Signup failed: User with email xdnddddjhfsg@gmail.com already exists.
2025-02-13T17:03:12.297Z [INFO]: Server 3001 portda ishga tushdi
2025-02-13T17:04:02.349Z [INFO]: Server 3001 portda ishga tushdi
2025-02-13T17:06:14.210Z [INFO]: Server 3001 portda ishga tushdi
2025-02-13T17:06:18.521Z [WARN]: Signup failed: User with email xdnddddjhfsg@gmail.com already exists.
2025-02-13T17:07:54.076Z [WARN]: Signup failed: User with email xdnddddjhfsg@gmail.com already exists.
2025-02-13T17:07:58.094Z [WARN]: Signup failed: User with email xdnddddjhfsg@gmail.com already exists.
2025-02-13T17:07:59.210Z [WARN]: Signup failed: User with email xdnddddjhfsg@gmail.com already exists.
2025-02-13T17:13:09.343Z [INFO]: Server 3001 portda ishga tushdi
2025-02-13T17:13:14.896Z [WARN]: Signup failed: User with email xdnddddjhfsg@gmail.com already exists.
2025-02-13T17:13:28.995Z [INFO]: User xdnddmddjhfsg@gmail.com signed up successfully.
2025-02-13T17:25:22.939Z [INFO]: Server 3001 portda ishga tushdi
2025-02-13T17:25:34.867Z [WARN]: Signup failed: User with email xdnddmddjhfsg@gmail.com already exists.
2025-02-13T17:31:56.897Z [WARN]: Signup failed: User with email xdnddmddjhfsg@gmail.com already exists.
2025-02-13T17:34:58.969Z [INFO]: Server 3001 portda ishga tushdi
2025-02-13T17:35:01.811Z [WARN]: Signup failed: User with email xdnddmddjhfsg@gmail.com already exists.
2025-02-13T17:38:58.136Z [INFO]: Server 3001 portda ishga tushdi
2025-02-13T17:40:44.543Z [INFO]: Server 3001 portda ishga tushdi
2025-02-13T17:42:58.593Z [INFO]: Server 3001 portda ishga tushdi
2025-02-13T17:43:26.565Z [INFO]: Server 3001 portda ishga tushdi
2025-02-13T17:45:17.453Z [INFO]: Server 3001 portda ishga tushdi
2025-02-13T17:45:25.333Z [WARN]: Signup failed: User with email xdnddmddjhfsg@gmail.com already exists.
2025-02-13T17:47:42.779Z [WARN]: Signup failed: User with email xdnddmddjhfsg@gmail.com already exists.
2025-02-13T17:51:19.782Z [INFO]: User x12sdkdnddmddjhfsg@gmail.com signed up successfully.
2025-02-13T17:55:15.672Z [INFO]: Server 3001 portda ishga tushdi
2025-02-13T17:57:48.625Z [INFO]: Server 3001 portda ishga tushdi
2025-02-13T17:59:25.066Z [INFO]: Server 3001 portda ishga tushdi
2025-02-13T17:59:38.572Z [INFO]: Server 3001 portda ishga tushdi
2025-02-13T17:59:48.085Z [INFO]: Request received: POST /signup
2025-02-13T17:59:48.197Z [INFO]: User x12sdkddnddmddjhfsg@gmail.com signed up successfully.
2025-02-13T17:59:48.204Z [INFO]: Request received: GET /dashboard
2025-02-13T17:59:55.633Z [INFO]: Request received: POST /signup
2025-02-13T17:59:55.638Z [WARN]: Signup failed: User with email x12sdkddnddmddjhfsg@gmail.com already exists.
2025-02-13T18:00:32.281Z [INFO]: Request received: POST /auth/signup
2025-02-13T18:00:36.743Z [INFO]: Request received: POST /auth/signup
2025-02-13T18:00:47.328Z [INFO]: Request received: GET /signup
2025-02-13T18:01:12.134Z [INFO]: Request received: POST /auth/signup
2025-02-13T18:01:26.338Z [INFO]: Request received: GET /auth/signin
2025-02-13T18:01:52.262Z [INFO]: Server 3001 portda ishga tushdi
2025-02-13T18:01:54.366Z [INFO]: Server 3001 portda ishga tushdi
2025-02-13T18:01:59.687Z [INFO]: Server 3001 portda ishga tushdi
2025-02-13T18:03:56.048Z [INFO]: Server 3001 portda ishga tushdi
2025-02-13T18:05:31.100Z [INFO]: Server 3001 portda ishga tushdi
2025-02-13T18:06:16.252Z [INFO]: Server 3001 portda ishga tushdi
2025-02-13T18:07:11.247Z [INFO]: Request received: POST /auth/signup
2025-02-13T18:09:08.657Z [INFO]: Server 3001 portda ishga tushdi
2025-02-13T18:09:22.156Z [INFO]: Request received: POST /auth/signup
2025-02-13T18:09:44.977Z [INFO]: Request received: GET /signup
2025-02-13T18:09:45.050Z [INFO]: Request received: GET /favicon.ico
2025-02-13T18:09:54.044Z [INFO]: Request received: POST /signup
2025-02-13T18:09:54.187Z [INFO]: User ss@gmail.com signed up successfully.
2025-02-13T18:09:54.191Z [INFO]: Request received: GET /dashboard
2025-02-13T18:16:09.405Z [INFO]: Server 3001 portda ishga tushdi
2025-02-13T18:16:31.063Z [INFO]: Request received: GET /signup
2025-02-13T18:16:31.110Z [INFO]: Request received: GET /favicon.ico
2025-02-13T18:16:33.069Z [INFO]: Request received: GET /signin
2025-02-13T18:16:49.360Z [INFO]: Request received: POST /signin
2025-02-13T18:16:49.489Z [WARN]: Signin failed: Incorrect password for email xusniddinganiyev47@gmail.com.
2025-02-13T18:17:00.367Z [INFO]: Request received: GET /signup
2025-02-13T18:17:20.250Z [INFO]: Request received: POST /signup
2025-02-13T18:17:20.254Z [WARN]: Signup failed: User with email xusniddinganiyev47@gmail.com already exists.
2025-02-13T18:17:55.470Z [INFO]: Request received: POST /signup
2025-02-13T18:17:55.625Z [INFO]: User xusniddinganiyev47@gmail.com signed up successfully.
2025-02-13T18:17:55.630Z [INFO]: Request received: GET /dashboard
2025-02-13T18:18:01.085Z [INFO]: Request received: GET /signin
2025-02-13T18:18:09.835Z [INFO]: Request received: POST /signin
2025-02-13T18:18:09.952Z [INFO]: User xusniddinganiyev47@gmail.com signed in successfully.
2025-02-13T18:18:09.955Z [INFO]: Request received: GET /dashboard
2025-02-13T18:18:21.500Z [INFO]: Request received: GET /signup
2025-02-13T18:18:23.169Z [INFO]: Request received: GET /signin
2025-02-13T18:18:24.019Z [INFO]: Request received: GET /auth/signin
2025-02-13T18:18:26.271Z [INFO]: Request received: GET /auth/signin
2025-02-13T18:18:28.701Z [INFO]: Request received: GET /auth/signup
2025-02-13T18:18:31.220Z [INFO]: Request received: GET /signin
2025-02-13T18:18:32.623Z [INFO]: Request received: GET /signup
2025-02-13T18:18:33.721Z [INFO]: Request received: GET /signin
2025-02-13T18:20:26.478Z [INFO]: Server 3001 portda ishga tushdi
2025-02-13T18:20:30.611Z [INFO]: Request received: GET /signup
2025-02-13T18:20:32.455Z [INFO]: Request received: GET /auth/signup
2025-02-13T18:21:40.775Z [INFO]: Server 3001 portda ishga tushdi
2025-02-13T18:21:44.595Z [INFO]: Request received: GET /signup
2025-02-13T18:21:45.656Z [INFO]: Request received: GET /signup
2025-02-13T18:21:46.356Z [INFO]: Request received: GET /signup
2025-02-13T18:21:47.327Z [INFO]: Request received: GET /signin
2025-02-13T18:21:48.894Z [INFO]: Request received: GET /signup
2025-02-13T18:22:27.911Z [INFO]: Request received: GET /signin
2025-02-13T18:22:49.686Z [INFO]: Request received: POST /signin
2025-02-13T18:22:49.699Z [WARN]: Signin failed: No user found with email sdf@vdfv.
2025-02-13T18:28:06.742Z [INFO]: Request received: GET /signup
2025-02-13T18:28:09.967Z [INFO]: Request received: GET /signin
2025-02-13T18:28:11.601Z [INFO]: Request received: GET /signup
2025-02-13T18:28:12.713Z [INFO]: Request received: GET /signin
2025-02-13T18:28:17.001Z [INFO]: Request received: GET /signup
2025-02-13T18:28:35.716Z [INFO]: Request received: POST /signup
2025-02-13T18:28:35.725Z [WARN]: Signup failed: User with email xusniddinganiyev47@gmail.com already exists.
2025-02-13T18:28:39.490Z [INFO]: Request received: GET /signin
2025-02-13T18:28:50.326Z [INFO]: Request received: POST /signin
2025-02-13T18:28:50.452Z [INFO]: User xusniddinganiyev47@gmail.com signed in successfully.
2025-02-13T18:28:50.456Z [INFO]: Request received: GET /dashboard
2025-02-13T18:30:26.020Z [INFO]: Request received: POST /api/employees
2025-02-13T18:30:35.104Z [INFO]: Request received: POST /api/users/signin
2025-02-13T18:30:59.883Z [INFO]: Request received: POST /signin
2025-02-13T18:30:59.885Z [WARN]: Signin failed: No user found with email xndsg@gmail.com.
2025-02-13T18:31:12.105Z [INFO]: Request received: POST /api/employees
2025-02-13T18:35:10.166Z [INFO]: Server 3001 portda ishga tushdi
2025-02-13T18:35:48.783Z [INFO]: Server 3001 portda ishga tushdi
2025-02-13T18:39:36.192Z [INFO]: Server 3001 portda ishga tushdi
2025-02-13T18:43:18.721Z [INFO]: Server 3001 portda ishga tushdi
2025-02-13T18:43:36.256Z [INFO]: Server 3001 portda ishga tushdi
2025-02-13T18:43:41.041Z [INFO]: Server 3001 portda ishga tushdi
2025-02-13T18:43:42.473Z [INFO]: Server 3001 portda ishga tushdi
2025-02-13T18:43:44.218Z [INFO]: Server 3001 portda ishga tushdi
2025-02-13T18:43:45.451Z [INFO]: Server 3001 portda ishga tushdi
2025-02-13T18:43:47.659Z [INFO]: Server 3001 portda ishga tushdi
2025-02-13T18:43:50.411Z [INFO]: Server 3001 portda ishga tushdi
2025-02-13T18:43:52.061Z [INFO]: Server 3001 portda ishga tushdi
2025-02-13T18:44:04.741Z [INFO]: Server 3001 portda ishga tushdi
2025-02-13T18:44:22.142Z [INFO]: Server 3001 portda ishga tushdi
2025-02-13T18:44:25.332Z [INFO]: Server 3001 portda ishga tushdi
2025-02-13T18:44:27.527Z [INFO]: Server 3001 portda ishga tushdi
2025-02-13T18:44:35.212Z [INFO]: Server 3001 portda ishga tushdi
2025-02-13T18:44:44.991Z [INFO]: Server 3001 portda ishga tushdi
2025-02-13T18:44:57.042Z [INFO]: Server 3001 portda ishga tushdi
2025-02-13T18:45:01.873Z [INFO]: Server 3001 portda ishga tushdi
2025-02-13T18:45:05.089Z [INFO]: Server 3001 portda ishga tushdi
2025-02-13T18:45:07.687Z [INFO]: Server 3001 portda ishga tushdi
2025-02-13T18:45:17.534Z [INFO]: Server 3001 portda ishga tushdi
2025-02-13T18:45:31.890Z [INFO]: Server 3001 portda ishga tushdi
2025-02-13T18:45:34.979Z [INFO]: Server 3001 portda ishga tushdi
2025-02-13T18:45:53.392Z [INFO]: Server 3001 portda ishga tushdi
2025-02-13T18:46:06.726Z [INFO]: Server 3001 portda ishga tushdi
2025-02-13T18:46:27.335Z [INFO]: Server 3001 portda ishga tushdi
2025-02-13T18:46:41.698Z [INFO]: Server 3001 portda ishga tushdi
2025-02-13T18:46:45.151Z [INFO]: Server 3001 portda ishga tushdi
2025-02-13T18:46:48.502Z [INFO]: Server 3001 portda ishga tushdi
2025-02-13T18:46:54.295Z [INFO]: Server 3001 portda ishga tushdi
2025-02-13T18:46:58.500Z [INFO]: Server 3001 portda ishga tushdi
2025-02-13T18:47:13.201Z [INFO]: Server 3001 portda ishga tushdi
2025-02-13T18:47:17.406Z [INFO]: Server 3001 portda ishga tushdi
2025-02-13T18:48:45.330Z [INFO]: Server 3001 portda ishga tushdi
2025-02-13T18:49:09.003Z [INFO]: Server 3001 portda ishga tushdi
2025-02-13T18:49:23.134Z [INFO]: Server 3001 portda ishga tushdi
2025-02-13T18:49:35.447Z [INFO]: Server 3001 portda ishga tushdi
2025-02-13T18:49:40.209Z [INFO]: Server 3001 portda ishga tushdi
2025-02-13T18:50:50.069Z [INFO]: Server 3001 portda ishga tushdi
2025-02-13T18:51:05.855Z [INFO]: Server 3001 portda ishga tushdi
2025-02-13T18:51:11.773Z [INFO]: Server 3001 portda ishga tushdi
