2025-02-11T15:53:03.072Z [ERROR]: Signup error for email xndsg@gmail.com: User validation failed: fullname: Path `fullname` is required.
2025-02-11T15:56:17.792Z [ERROR]: Signup error for email xndsg@gmail.com: User validation failed: fullname: Path `fullname` is required.
2025-02-11T16:01:41.725Z [ERROR]: Xodim yaratishda xatolik: Employee validation failed: adress: Adress is required
2025-02-11T16:02:49.095Z [ERROR]: Xodim yaratishda xatolik: Employee validation failed: adress: Adress is required
2025-02-11T16:04:32.440Z [ERROR]: Xodim yaratishda xatolik: E11000 duplicate key error collection: Staffix.employees index: email_1 dup key: { email: "opssddsjjdfkk@gmail.com" }
2025-02-11T17:22:07.092Z [ERROR]: Signin error for email xndsg@gmail.com: "expiresIn" should be a number of seconds or string representing a timespan
2025-02-11T17:46:14.107Z [ERROR]: Xodim yaratishda xatolik: E11000 duplicate key error collection: Staffix.employees index: email_1 dup key: { email: "opssddsjjdfkk@gmail.com" }
2025-02-11T17:47:17.731Z [ERROR]: Xodim yaratishda xatolik: E11000 duplicate key error collection: Staffix.employees index: email_1 dup key: { email: "opssddsjkkkjdfkk@gmail.com" }
2025-02-12T04:51:01.703Z [ERROR]: Authentication failed: jwt expired
2025-02-12T04:56:18.972Z [ERROR]: Authentication failed: jwt expired
2025-02-12T04:58:39.982Z [ERROR]: Authentication failed: jwt expired
2025-02-12T05:39:05.751Z [ERROR]: Xodim yaratishda xatolik: E11000 duplicate key error collection: Staffix.employees index: email_1 dup key: { email: "opssssddsjkkkjdfkk@gmail.com" }
2025-02-12T05:39:09.075Z [ERROR]: Xodim yaratishda xatolik: E11000 duplicate key error collection: Staffix.employees index: email_1 dup key: { email: "opssssddsjkkkjdfkk@gmail.com" }
2025-02-12T05:39:21.904Z [ERROR]: Xodim yaratishda xatolik: E11000 duplicate key error collection: Staffix.employees index: email_1 dup key: { email: "opssssddsjkkkjdfkk@gmail.com" }
2025-02-12T05:39:28.504Z [ERROR]: Xodim yaratishda xatolik: E11000 duplicate key error collection: Staffix.employees index: email_1 dup key: { email: "opssssddsjkkkjdfkk@gmail.com" }
2025-02-12T05:39:31.299Z [ERROR]: Authentication failed: jwt expired
2025-02-12T05:39:32.726Z [ERROR]: Authentication failed: jwt expired
2025-02-12T05:53:49.438Z [ERROR]: Refresh token error: jwt is not defined
2025-02-12T05:54:35.779Z [ERROR]: Refresh token error: jwt is not defined
2025-02-12T06:13:23.403Z [ERROR]: Signin error for email xndsg@gmail.com: secretOrPrivateKey must have a value
2025-02-12T06:13:25.411Z [ERROR]: Signin error for email xndsg@gmail.com: secretOrPrivateKey must have a value
2025-02-12T06:13:26.316Z [ERROR]: Signin error for email xndsg@gmail.com: secretOrPrivateKey must have a value
2025-02-12T06:13:46.041Z [ERROR]: Signin error for email xndsg@gmail.com: secretOrPrivateKey must have a value
2025-02-12T06:18:54.127Z [ERROR]: Signin error for email xndsg@gmail.com: secretOrPrivateKey must have a value
2025-02-12T06:22:54.340Z [ERROR]: Invalid or expired access token
2025-02-12T06:23:24.807Z [ERROR]: Invalid or expired access token
2025-02-12T06:24:03.128Z [ERROR]: Invalid or expired access token
2025-02-12T06:25:44.482Z [ERROR]: Invalid or expired access token
2025-02-12T06:25:45.650Z [ERROR]: Invalid or expired access token
2025-02-12T06:25:46.736Z [ERROR]: Invalid or expired access token
2025-02-12T06:28:28.680Z [ERROR]: Authentication failed: secret or public key must be provided
2025-02-12T06:31:34.933Z [ERROR]: Authentication failed: secret or public key must be provided
2025-02-12T06:42:15.640Z [ERROR]: Signin error for email xndsg@gmail.com: secretOrPrivateKey must have a value
2025-02-12T06:42:22.425Z [ERROR]: Signin error for email xndsg@gmail.com: secretOrPrivateKey must have a value
2025-02-12T06:42:23.687Z [ERROR]: Signin error for email xndsg@gmail.com: secretOrPrivateKey must have a value
2025-02-12T06:44:12.109Z [ERROR]: Signin error for email xndsg@gmail.com: secretOrPrivateKey must have a value
2025-02-12T06:44:57.796Z [ERROR]: Signin error for email xndsg@gmail.com: secretOrPrivateKey must have a value
2025-02-12T06:48:25.650Z [ERROR]: Signin error for email xndsg@gmail.com: secretOrPrivateKey must have a value
2025-02-12T06:48:26.737Z [ERROR]: Signin error for email xndsg@gmail.com: secretOrPrivateKey must have a value
2025-02-12T06:50:47.515Z [ERROR]: Signin error for email xndsg@gmail.com: "expiresIn" should be a number of seconds or string representing a timespan eg: "1d", "20h", 60
2025-02-12T06:51:01.979Z [ERROR]: Signin error for email xndsg@gmail.com: "expiresIn" should be a number of seconds or string representing a timespan eg: "1d", "20h", 60
2025-02-12T06:56:36.298Z [ERROR]: Signin error for email xndsg@gmail.com: "expiresIn" should be a number of seconds or string representing a timespan eg: "1d", "20h", 60
2025-02-12T06:59:14.527Z [ERROR]: Signup error for email xnddjhfsg@gmail.com: "expiresIn" should be a number of seconds or string representing a timespan eg: "1d", "20h", 60
2025-02-12T07:01:13.540Z [ERROR]: Signup error for email xnddddjhfsg@gmail.com: "expiresIn" should be a number of seconds or string representing a timespan eg: "1d", "20h", 60
2025-02-12T07:01:21.664Z [ERROR]: Signin error for email xndsg@gmail.com: "expiresIn" should be a number of seconds or string representing a timespan eg: "1d", "20h", 60
2025-02-12T07:01:22.808Z [ERROR]: Signin error for email xndsg@gmail.com: "expiresIn" should be a number of seconds or string representing a timespan eg: "1d", "20h", 60
2025-02-12T07:03:05.161Z [ERROR]: Xodim yaratishda xatolik: E11000 duplicate key error collection: Staffix.employees index: email_1 dup key: { email: "opssddsjkkkjdfkk@gmail.com" }
2025-02-12T07:03:15.362Z [ERROR]: Xodim yaratishda xatolik: E11000 duplicate key error collection: Staffix.employees index: email_1 dup key: { email: "opssssddsjkkkjdfkk@gmail.com" }
2025-02-12T07:04:45.834Z [ERROR]: Xodim yaratishda xatolik: E11000 duplicate key error collection: Staffix.employees index: email_1 dup key: { email: "o1awpssssddsjkkkjdfkk@gmail.com" }
2025-02-12T07:05:34.880Z [ERROR]: Xodim yaratishda xatolik: E11000 duplicate key error collection: Staffix.employees index: email_1 dup key: { email: "o11fjkd1awpssssddsjkkkjdfkk@gmail.com" }
2025-02-13T16:37:25.373Z [ERROR]: Signin error: Cannot destructure property 'email' of 'req.body' as it is undefined.
2025-02-13T18:30:26.023Z [ERROR]: Invalid or expired access token
2025-02-13T18:31:12.105Z [ERROR]: Invalid or expired access token
